<?xml version="1.0" encoding="UTF-8"?>
<testng-results ignored="0" total="2" passed="2" failed="0" skipped="0">
  <reporter-output>
  </reporter-output>
  <suite started-at="2024-06-08T16:08:03 IST" name="Suite" finished-at="2024-06-08T16:08:04 IST" duration-ms="70">
    <groups>
    </groups>
    <test started-at="2024-06-08T16:08:03 IST" name="Test" finished-at="2024-06-08T16:08:04 IST" duration-ms="70">
      <class name="testintro.SampleTestNng">
        <test-method signature="Demo()[pri:0, instance:testintro.SampleTestNng@1ba9117e]" started-at="2024-06-08T16:08:04 IST" name="Demo" finished-at="2024-06-08T16:08:04 IST" duration-ms="10" status="PASS">
          <reporter-output>
          </reporter-output>
        </test-method> <!-- Demo -->
        <test-method signature="secondtc()[pri:0, instance:testintro.SampleTestNng@1ba9117e]" started-at="2024-06-08T16:08:04 IST" name="secondtc" finished-at="2024-06-08T16:08:04 IST" duration-ms="2" status="PASS">
          <reporter-output>
          </reporter-output>
        </test-method> <!-- secondtc -->
      </class> <!-- testintro.SampleTestNng -->
    </test> <!-- Test -->
  </suite> <!-- Suite -->
</testng-results>
